Using pre-set license
Built from '2021.3/china_unity/release' branch; Version is '2021.3.23f1c1 (b82b1f861975) revision 12069663'; Using compiler version '192829333'; Build Type 'Release'
OS: 'Windows 11  (10.0.22631) 64bit Professional' Language: 'zh' Physical Memory: 32440 MB
BatchMode: 1, IsHumanControllingUs: 0, StartBugReporterOnCrash: 0, Is64bit: 1, IsPro: 1

COMMAND LINE ARGUMENTS:
C:\Program Files\Unity\Hub\Editor\2021.3.23f1c1\Editor\Unity.exe
-adb2
-batchMode
-noUpm
-name
AssetImportWorker2
-projectPath
F:/25aiwork/25AITown
-logFile
Logs/AssetImportWorker2.log
-srvPort
56618
Successfully changed project path to: F:/25aiwork/25AITown
F:/25aiwork/25AITown
[UnityMemory] Configuration Parameters - Can be set up in boot.config
    "memorysetup-bucket-allocator-granularity=16"
    "memorysetup-bucket-allocator-bucket-count=8"
    "memorysetup-bucket-allocator-block-size=33554432"
    "memorysetup-bucket-allocator-block-count=8"
    "memorysetup-main-allocator-block-size=16777216"
    "memorysetup-thread-allocator-block-size=16777216"
    "memorysetup-gfx-main-allocator-block-size=16777216"
    "memorysetup-gfx-thread-allocator-block-size=16777216"
    "memorysetup-cache-allocator-block-size=4194304"
    "memorysetup-typetree-allocator-block-size=2097152"
    "memorysetup-profiler-bucket-allocator-granularity=16"
    "memorysetup-profiler-bucket-allocator-bucket-count=8"
    "memorysetup-profiler-bucket-allocator-block-size=33554432"
    "memorysetup-profiler-bucket-allocator-block-count=8"
    "memorysetup-profiler-allocator-block-size=16777216"
    "memorysetup-profiler-editor-allocator-block-size=1048576"
    "memorysetup-temp-allocator-size-main=16777216"
    "memorysetup-job-temp-allocator-block-size=2097152"
    "memorysetup-job-temp-allocator-block-size-background=1048576"
    "memorysetup-job-temp-allocator-reduction-small-platforms=262144"
    "memorysetup-temp-allocator-size-background-worker=32768"
    "memorysetup-temp-allocator-size-job-worker=262144"
    "memorysetup-temp-allocator-size-preload-manager=33554432"
    "memorysetup-temp-allocator-size-nav-mesh-worker=65536"
    "memorysetup-temp-allocator-size-audio-worker=65536"
    "memorysetup-temp-allocator-size-cloud-worker=32768"
    "memorysetup-temp-allocator-size-gi-baking-worker=262144"
    "memorysetup-temp-allocator-size-gfx=262144"
Player connection [48328] Host "[IP] 10.17.61.161 [Port] 0 [Flags] 2 [Guid] 2778966967 [EditorId] 2778966967 [Version] 1048832 [Id] WindowsEditor(7,DESKTOP-1IPHGGQ) [Debug] 1 [PackageName] WindowsEditor [ProjectName] Editor" joined multi-casting on [225.0.0.222:54997]...

Player connection [48328] Host "[IP] 10.17.61.161 [Port] 0 [Flags] 2 [Guid] 2778966967 [EditorId] 2778966967 [Version] 1048832 [Id] WindowsEditor(7,DESKTOP-1IPHGGQ) [Debug] 1 [PackageName] WindowsEditor [ProjectName] Editor" joined alternative multi-casting on [225.0.0.222:34997]...

AS: AutoStreaming module initializing.
Refreshing native plugins compatible for Editor in 249.64 ms, found 4 plugins.
Preloading 0 native plugins for Editor in 0.00 ms.
Initialize engine version: 2021.3.23f1c1 (b82b1f861975)
[Subsystems] Discovering subsystems at path C:/Program Files/Unity/Hub/Editor/2021.3.23f1c1/Editor/Data/Resources/UnitySubsystems
[Subsystems] Discovering subsystems at path F:/25aiwork/25AITown/Assets
GfxDevice: creating device client; threaded=0; jobified=0
Direct3D:
    Version:  Direct3D 11.0 [level 11.1]
    Renderer: NVIDIA GeForce GTX 1660 Ti (ID=0x2182)
    Vendor:   NVIDIA
    VRAM:     5979 MB
    Driver:   31.0.15.3619
Initialize mono
Mono path[0] = 'C:/Program Files/Unity/Hub/Editor/2021.3.23f1c1/Editor/Data/Managed'
Mono path[1] = 'C:/Program Files/Unity/Hub/Editor/2021.3.23f1c1/Editor/Data/MonoBleedingEdge/lib/mono/unityjit-win32'
Mono config path = 'C:/Program Files/Unity/Hub/Editor/2021.3.23f1c1/Editor/Data/MonoBleedingEdge/etc'
Using monoOptions --debugger-agent=transport=dt_socket,embedding=1,server=y,suspend=n,address=127.0.0.1:56624
Begin MonoManager ReloadAssembly
Registering precompiled unity dll's ...
Register platform support module: C:/Program Files/Unity/Hub/Editor/2021.3.23f1c1/Editor/Data/PlaybackEngines/MacStandaloneSupport/UnityEditor.OSXStandalone.Extensions.dll
Register platform support module: C:/Program Files/Unity/Hub/Editor/2021.3.23f1c1/Editor/Data/PlaybackEngines/AndroidPlayer/UnityEditor.Android.Extensions.dll
Register platform support module: C:/Program Files/Unity/Hub/Editor/2021.3.23f1c1/Editor/Data/PlaybackEngines/iOSSupport/UnityEditor.iOS.Extensions.dll
Register platform support module: C:/Program Files/Unity/Hub/Editor/2021.3.23f1c1/Editor/Data/PlaybackEngines/WindowsStandaloneSupport/UnityEditor.WindowsStandalone.Extensions.dll
Registered in 0.016106 seconds.
Native extension for WindowsStandalone target not found
[usbmuxd] Start listen thread
[usbmuxd] Listen thread started
Native extension for iOS target not found
Native extension for Android target not found
Android Extension - Scanning For ADB Devices 226 ms
Native extension for OSXStandalone target not found
Refreshing native plugins compatible for Editor in 245.32 ms, found 4 plugins.
Preloading 0 native plugins for Editor in 0.00 ms.
Mono: successfully reloaded assembly
- Completed reload, in  1.016 seconds
Domain Reload Profiling:
	ReloadAssembly (1017ms)
		BeginReloadAssembly (90ms)
			ExecutionOrderSort (0ms)
			DisableScriptedObjects (0ms)
			BackupInstance (0ms)
			ReleaseScriptingObjects (0ms)
			CreateAndSetChildDomain (1ms)
		EndReloadAssembly (819ms)
			LoadAssemblies (84ms)
			RebuildTransferFunctionScriptingTraits (0ms)
			SetupTypeCache (85ms)
			ReleaseScriptCaches (0ms)
			RebuildScriptCaches (24ms)
			SetupLoadedEditorAssemblies (652ms)
				LogAssemblyErrors (0ms)
				InitializePlatformSupportModulesInManaged (294ms)
				SetLoadedEditorAssemblies (0ms)
				RefreshPlugins (245ms)
				BeforeProcessingInitializeOnLoad (1ms)
				ProcessInitializeOnLoadAttributes (78ms)
				ProcessInitializeOnLoadMethodAttributes (34ms)
				AfterProcessingInitializeOnLoad (0ms)
				EditorAssembliesLoaded (0ms)
			ExecutionOrderSort2 (0ms)
			AwakeInstancesAfterBackupRestoration (0ms)
Platform modules already initialized, skipping
Registering precompiled user dll's ...
Registered in 0.015581 seconds.
Begin MonoManager ReloadAssembly
Symbol file LoadedFromMemory doesn't match image F:\25aiwork\25AITown\Library\PackageCache\com.unity.visualscripting@1.8.0\Editor\VisualScripting.Core\Dependencies\YamlDotNet\Unity.VisualScripting.YamlDotNet.dll
Symbol file LoadedFromMemory doesn't match image F:\25aiwork\25AITown\Library\PackageCache\com.unity.visualscripting@1.8.0\Editor\VisualScripting.Core\Dependencies\DotNetZip\Unity.VisualScripting.IonicZip.dll
Native extension for WindowsStandalone target not found
Native extension for iOS target not found
Native extension for Android target not found
Native extension for OSXStandalone target not found
Refreshing native plugins compatible for Editor in 240.29 ms, found 4 plugins.
Preloading 0 native plugins for Editor in 0.00 ms.
Mono: successfully reloaded assembly
- Completed reload, in  1.640 seconds
Domain Reload Profiling:
	ReloadAssembly (1640ms)
		BeginReloadAssembly (133ms)
			ExecutionOrderSort (0ms)
			DisableScriptedObjects (7ms)
			BackupInstance (0ms)
			ReleaseScriptingObjects (0ms)
			CreateAndSetChildDomain (18ms)
		EndReloadAssembly (1392ms)
			LoadAssemblies (128ms)
			RebuildTransferFunctionScriptingTraits (0ms)
			SetupTypeCache (203ms)
			ReleaseScriptCaches (1ms)
			RebuildScriptCaches (55ms)
			SetupLoadedEditorAssemblies (964ms)
				LogAssemblyErrors (0ms)
				InitializePlatformSupportModulesInManaged (30ms)
				SetLoadedEditorAssemblies (0ms)
				RefreshPlugins (240ms)
				BeforeProcessingInitializeOnLoad (134ms)
				ProcessInitializeOnLoadAttributes (496ms)
				ProcessInitializeOnLoadMethodAttributes (37ms)
				AfterProcessingInitializeOnLoad (26ms)
				EditorAssembliesLoaded (0ms)
			ExecutionOrderSort2 (0ms)
			AwakeInstancesAfterBackupRestoration (7ms)
Platform modules already initialized, skipping
========================================================================
Worker process is ready to serve import requests
Launched and connected shader compiler UnityShaderCompiler.exe after 0.05 seconds
Refreshing native plugins compatible for Editor in 3.30 ms, found 4 plugins.
Preloading 0 native plugins for Editor in 0.00 ms.
Unloading 4778 Unused Serialized files (Serialized files now loaded: 0)
Unloading 57 unused Assets / (129.9 KB). Loaded Objects now: 5250.
Memory consumption went from 195.2 MB to 195.0 MB.
Total: 6.638400 ms (FindLiveObjects: 0.373800 ms CreateObjectMapping: 0.236900 ms MarkObjects: 5.863300 ms  DeleteObjects: 0.161500 ms)

AssetImportParameters requested are different than current active one (requested -> active):
  custom:video-decoder-ogg-theora: a1e56fd34408186e4bbccfd4996cb3dc -> 
  custom:container-muxer-webm: aa71ff27fc2769a1b78a27578f13a17b -> 
  custom:container-demuxer-webm: 4f35f7cbe854078d1ac9338744f61a02 -> 
  custom:video-encoder-webm-vp8: eb34c28f22e8b96e1ab97ce403110664 -> 
  custom:audio-encoder-webm-vorbis: bf7c407c2cedff20999df2af8eb42d56 -> 
  custom:framework-win-MediaFoundation: 216162199b28c13a410421893ffa2e32 -> 
  custom:container-demuxer-ogg: 62fdf1f143b41e24485cea50d1cbac27 -> 
  custom:video-decoder-webm-vp8: 9c59270c3fd7afecdb556c50c9e8de78 -> 
  custom:audio-decoder-ogg-vorbis: bf7c407c2cedff20999df2af8eb42d56 -> 
========================================================================
Received Import Request.
  Time since last request: 674171.870821 seconds.
  path: Assets/SPUM
  artifactKey: Guid(f968fe0a56832467aadb9915c62d894f) Importer(815301076,1909f56bfc062723c751e8b465ee728b)
Start importing Assets/SPUM using Guid(f968fe0a56832467aadb9915c62d894f) Importer(815301076,1909f56bfc062723c751e8b465ee728b)  -> (artifact id: 'c22886fda5d63c5854fb1b79388ecb3c') in 0.032356 seconds 
========================================================================
Received Import Request.
  Time since last request: 20.826838 seconds.
  path: Assets/SPUM/Sample
  artifactKey: Guid(cdf6ca0079f8b416a8aa1476e81e0e7a) Importer(815301076,1909f56bfc062723c751e8b465ee728b)
Start importing Assets/SPUM/Sample using Guid(cdf6ca0079f8b416a8aa1476e81e0e7a) Importer(815301076,1909f56bfc062723c751e8b465ee728b)  -> (artifact id: 'd7ea890a9778d54da3eefcfdb3ef42f7') in 0.022239 seconds 
========================================================================
Received Import Request.
  Time since last request: 2.030477 seconds.
  path: Assets/SPUM/Sample/Prefabs
  artifactKey: Guid(d847d6d3736594cd69b8b9366a9e58b6) Importer(815301076,1909f56bfc062723c751e8b465ee728b)
Start importing Assets/SPUM/Sample/Prefabs using Guid(d847d6d3736594cd69b8b9366a9e58b6) Importer(815301076,1909f56bfc062723c751e8b465ee728b)  -> (artifact id: '4eee5c80a2c20726d57d83ce34c90962') in 0.018426 seconds 
========================================================================
Received Import Request.
  Time since last request: 0.952322 seconds.
  path: Assets/SPUM/Sample/Prefabs/SamplePlayer.prefab
  artifactKey: Guid(4fd99ad1026eb4676b6ed98658f868a9) Importer(815301076,1909f56bfc062723c751e8b465ee728b)
Start importing Assets/SPUM/Sample/Prefabs/SamplePlayer.prefab using Guid(4fd99ad1026eb4676b6ed98658f868a9) Importer(815301076,1909f56bfc062723c751e8b465ee728b)  -> (artifact id: '223278e04736d0c371be864c8443c302') in 0.063922 seconds 
========================================================================
Received Import Request.
  Time since last request: 3.914204 seconds.
  path: Assets/SPUM/Sample/Scene
  artifactKey: Guid(da344b133a03648a4ab5714f64288593) Importer(815301076,1909f56bfc062723c751e8b465ee728b)
Start importing Assets/SPUM/Sample/Scene using Guid(da344b133a03648a4ab5714f64288593) Importer(815301076,1909f56bfc062723c751e8b465ee728b)  -> (artifact id: 'bcb1488cbe3d532e38ebca2023076da6') in 0.022815 seconds 
========================================================================
Received Import Request.
  Time since last request: 2.069563 seconds.
  path: Assets/SPUM/Sample/Materials
  artifactKey: Guid(2490928473d3f41f5a9cd07e93963854) Importer(815301076,1909f56bfc062723c751e8b465ee728b)
Start importing Assets/SPUM/Sample/Materials using Guid(2490928473d3f41f5a9cd07e93963854) Importer(815301076,1909f56bfc062723c751e8b465ee728b)  -> (artifact id: 'de36a7bd50cd5f2c85d294241458ee7f') in 0.020099 seconds 
========================================================================
Received Import Request.
  Time since last request: 3.057702 seconds.
  path: Assets/SPUM/Res
  artifactKey: Guid(3983f228a4f3b42d4a9196aaad774b90) Importer(815301076,1909f56bfc062723c751e8b465ee728b)
Start importing Assets/SPUM/Res using Guid(3983f228a4f3b42d4a9196aaad774b90) Importer(815301076,1909f56bfc062723c751e8b465ee728b)  -> (artifact id: '6078620888e5947a0f57949e0ea90e8f') in 0.021710 seconds 
========================================================================
Received Import Request.
  Time since last request: 2.019774 seconds.
  path: Assets/SPUM/Res/Animation
  artifactKey: Guid(b954f67e209714144a61d14af496bb9a) Importer(815301076,1909f56bfc062723c751e8b465ee728b)
Start importing Assets/SPUM/Res/Animation using Guid(b954f67e209714144a61d14af496bb9a) Importer(815301076,1909f56bfc062723c751e8b465ee728b)  -> (artifact id: 'd373099856e47afc4a367d258c0efbed') in 0.018589 seconds 
========================================================================
Received Import Request.
  Time since last request: 3.463729 seconds.
  path: Assets/SPUM/ModernPack1
  artifactKey: Guid(00c8adf734765be4eb9457fe29a8d84a) Importer(815301076,1909f56bfc062723c751e8b465ee728b)
Start importing Assets/SPUM/ModernPack1 using Guid(00c8adf734765be4eb9457fe29a8d84a) Importer(815301076,1909f56bfc062723c751e8b465ee728b)  -> (artifact id: 'f39766a80ce0c51bfa5bf746bbad7f93') in 0.017216 seconds 
========================================================================
Received Import Request.
  Time since last request: 1.303544 seconds.
  path: Assets/SPUM/ModernPack1/Prefabs
  artifactKey: Guid(6b2d6c64d48e0a3419590e32b43ad20e) Importer(815301076,1909f56bfc062723c751e8b465ee728b)
Start importing Assets/SPUM/ModernPack1/Prefabs using Guid(6b2d6c64d48e0a3419590e32b43ad20e) Importer(815301076,1909f56bfc062723c751e8b465ee728b)  -> (artifact id: '2149218ed5fd1aae8de916e0ffc7b3c5') in 0.014365 seconds 
========================================================================
Received Import Request.
  Time since last request: 0.048547 seconds.
  path: Assets/SPUM/ModernPack1/Prefabs/Modern001.prefab
  artifactKey: Guid(12ffb41e190dd1c48a915d3073eb56b2) Importer(815301076,1909f56bfc062723c751e8b465ee728b)
Start importing Assets/SPUM/ModernPack1/Prefabs/Modern001.prefab using Guid(12ffb41e190dd1c48a915d3073eb56b2) Importer(815301076,1909f56bfc062723c751e8b465ee728b)  -> (artifact id: '4217373826c834054aafa1b2d2cbd523') in 0.339892 seconds 
========================================================================
Received Import Request.
  Time since last request: 0.000024 seconds.
  path: Assets/SPUM/ModernPack1/Prefabs/Modern025.prefab
  artifactKey: Guid(c8f272183fbd3c749af816f46cfef879) Importer(815301076,1909f56bfc062723c751e8b465ee728b)
Start importing Assets/SPUM/ModernPack1/Prefabs/Modern025.prefab using Guid(c8f272183fbd3c749af816f46cfef879) Importer(815301076,1909f56bfc062723c751e8b465ee728b)  -> (artifact id: 'd98b8f03309cf314a5bd905ad816582c') in 0.132366 seconds 
========================================================================
Received Import Request.
  Time since last request: 0.000030 seconds.
  path: Assets/SPUM/ModernPack1/Prefabs/Modern061.prefab
  artifactKey: Guid(1e89c6c21dda60946a38ce5eb7cebd1a) Importer(815301076,1909f56bfc062723c751e8b465ee728b)
Start importing Assets/SPUM/ModernPack1/Prefabs/Modern061.prefab using Guid(1e89c6c21dda60946a38ce5eb7cebd1a) Importer(815301076,1909f56bfc062723c751e8b465ee728b)  -> (artifact id: 'a561b207662139ce9ef8a266e066a296') in 0.145658 seconds 
========================================================================
Received Import Request.
  Time since last request: 0.000025 seconds.
  path: Assets/SPUM/ModernPack1/Prefabs/Modern042.prefab
  artifactKey: Guid(d1812673dfb4d944f85a54bba48ed412) Importer(815301076,1909f56bfc062723c751e8b465ee728b)
Start importing Assets/SPUM/ModernPack1/Prefabs/Modern042.prefab using Guid(d1812673dfb4d944f85a54bba48ed412) Importer(815301076,1909f56bfc062723c751e8b465ee728b)  -> (artifact id: 'e0369d3f54356434b66cde246362d6a4') in 0.128155 seconds 
========================================================================
Received Import Request.
  Time since last request: 0.000029 seconds.
  path: Assets/SPUM/ModernPack1/Prefabs/Modern035.prefab
  artifactKey: Guid(4483d8f85dd2852469c57503c533cba5) Importer(815301076,1909f56bfc062723c751e8b465ee728b)
Start importing Assets/SPUM/ModernPack1/Prefabs/Modern035.prefab using Guid(4483d8f85dd2852469c57503c533cba5) Importer(815301076,1909f56bfc062723c751e8b465ee728b)  -> (artifact id: 'bb45f8cb07cc89e93778cf6f794e2d0d') in 0.123401 seconds 
========================================================================
Received Import Request.
  Time since last request: 0.000034 seconds.
  path: Assets/SPUM/ModernPack1/Prefabs/Modern005.prefab
  artifactKey: Guid(c61fd13c17ae17840a8c73a170bef4d1) Importer(815301076,1909f56bfc062723c751e8b465ee728b)
Start importing Assets/SPUM/ModernPack1/Prefabs/Modern005.prefab using Guid(c61fd13c17ae17840a8c73a170bef4d1) Importer(815301076,1909f56bfc062723c751e8b465ee728b)  -> (artifact id: 'c0c3d7b1bfa9d6c3a19262e29fb5a110') in 0.106739 seconds 
========================================================================
Received Import Request.
  Time since last request: 0.000024 seconds.
  path: Assets/SPUM/ModernPack1/Prefabs/Modern003.prefab
  artifactKey: Guid(17aa431aa4cb16145a5176a0a47a3722) Importer(815301076,1909f56bfc062723c751e8b465ee728b)
Start importing Assets/SPUM/ModernPack1/Prefabs/Modern003.prefab using Guid(17aa431aa4cb16145a5176a0a47a3722) Importer(815301076,1909f56bfc062723c751e8b465ee728b)  -> (artifact id: 'ba41058e7bdd7785f72203000989548f') in 0.114427 seconds 
========================================================================
Received Import Request.
  Time since last request: 0.000050 seconds.
  path: Assets/SPUM/ModernPack1/Prefabs/Modern077.prefab
  artifactKey: Guid(c3d4590b2f56c65469a4f7badf8bd1c3) Importer(815301076,1909f56bfc062723c751e8b465ee728b)
Start importing Assets/SPUM/ModernPack1/Prefabs/Modern077.prefab using Guid(c3d4590b2f56c65469a4f7badf8bd1c3) Importer(815301076,1909f56bfc062723c751e8b465ee728b)  -> (artifact id: '1fb98dfe27c2ef40b032a33a7c9e3753') in 0.099335 seconds 
========================================================================
Received Import Request.
  Time since last request: 0.000061 seconds.
  path: Assets/SPUM/ModernPack1/Prefabs/Modern052.prefab
  artifactKey: Guid(339e138fea16acb44831675d01e5ee0d) Importer(815301076,1909f56bfc062723c751e8b465ee728b)
Start importing Assets/SPUM/ModernPack1/Prefabs/Modern052.prefab using Guid(339e138fea16acb44831675d01e5ee0d) Importer(815301076,1909f56bfc062723c751e8b465ee728b)  -> (artifact id: '6dd4487717a2f80451368021e9efba32') in 0.090074 seconds 
========================================================================
Received Import Request.
  Time since last request: 0.000038 seconds.
  path: Assets/SPUM/ModernPack1/Prefabs/Modern063.prefab
  artifactKey: Guid(79590f71b3caecc4886c418060a931c6) Importer(815301076,1909f56bfc062723c751e8b465ee728b)
Start importing Assets/SPUM/ModernPack1/Prefabs/Modern063.prefab using Guid(79590f71b3caecc4886c418060a931c6) Importer(815301076,1909f56bfc062723c751e8b465ee728b)  -> (artifact id: 'a45ba0f8d6b06a03d9f266eddfaa0be1') in 0.093702 seconds 
========================================================================
Received Import Request.
  Time since last request: 0.000029 seconds.
  path: Assets/SPUM/ModernPack1/Prefabs/Modern068.prefab
  artifactKey: Guid(2172c46f9af6dbe4cb0d259fb346a3c9) Importer(815301076,1909f56bfc062723c751e8b465ee728b)
Start importing Assets/SPUM/ModernPack1/Prefabs/Modern068.prefab using Guid(2172c46f9af6dbe4cb0d259fb346a3c9) Importer(815301076,1909f56bfc062723c751e8b465ee728b)  -> (artifact id: '9eee6b5c75bda0950ff3d9ee8f80490d') in 0.169850 seconds 
========================================================================
Received Import Request.
  Time since last request: 0.000031 seconds.
  path: Assets/SPUM/ModernPack1/Prefabs/Modern018.prefab
  artifactKey: Guid(1a9c359c2e9fc2b4e965ef01a0ef97a1) Importer(815301076,1909f56bfc062723c751e8b465ee728b)
Start importing Assets/SPUM/ModernPack1/Prefabs/Modern018.prefab using Guid(1a9c359c2e9fc2b4e965ef01a0ef97a1) Importer(815301076,1909f56bfc062723c751e8b465ee728b)  -> (artifact id: 'ccd0ac253332d062e5e33d40d77e2ea3') in 0.154333 seconds 
========================================================================
Received Import Request.
  Time since last request: 0.000052 seconds.
  path: Assets/SPUM/ModernPack1/Prefabs/Modern033.prefab
  artifactKey: Guid(15cfce7ce405f8e4388a286c8fcec3ad) Importer(815301076,1909f56bfc062723c751e8b465ee728b)
Start importing Assets/SPUM/ModernPack1/Prefabs/Modern033.prefab using Guid(15cfce7ce405f8e4388a286c8fcec3ad) Importer(815301076,1909f56bfc062723c751e8b465ee728b)  -> (artifact id: 'f8736775b4f34eb8b3d63a1c6559c283') in 0.092085 seconds 
========================================================================
Received Import Request.
  Time since last request: 0.000065 seconds.
  path: Assets/SPUM/ModernPack1/Prefabs/Modern026.prefab
  artifactKey: Guid(c2ce18d1b29cf6a42bb695a276ecb0ac) Importer(815301076,1909f56bfc062723c751e8b465ee728b)
Start importing Assets/SPUM/ModernPack1/Prefabs/Modern026.prefab using Guid(c2ce18d1b29cf6a42bb695a276ecb0ac) Importer(815301076,1909f56bfc062723c751e8b465ee728b)  -> (artifact id: '5f2742753f47c0573651fbbf88dd3f6c') in 0.078385 seconds 
========================================================================
Received Import Request.
  Time since last request: 0.000027 seconds.
  path: Assets/SPUM/ModernPack1/Prefabs/Modern027.prefab
  artifactKey: Guid(7ccf3aa80cf1d6c4db702d5848ab853c) Importer(815301076,1909f56bfc062723c751e8b465ee728b)
Start importing Assets/SPUM/ModernPack1/Prefabs/Modern027.prefab using Guid(7ccf3aa80cf1d6c4db702d5848ab853c) Importer(815301076,1909f56bfc062723c751e8b465ee728b)  -> (artifact id: '0ce457779d1d40b3f774f4ef5ffefa34') in 0.085580 seconds 
========================================================================
Received Import Request.
  Time since last request: 0.000028 seconds.
  path: Assets/SPUM/ModernPack1/Prefabs/Modern006.prefab
  artifactKey: Guid(cd93f6313d2f885499e9e0ae48341fca) Importer(815301076,1909f56bfc062723c751e8b465ee728b)
Start importing Assets/SPUM/ModernPack1/Prefabs/Modern006.prefab using Guid(cd93f6313d2f885499e9e0ae48341fca) Importer(815301076,1909f56bfc062723c751e8b465ee728b)  -> (artifact id: '71e60dee47979fdd940d8f1f3921d24e') in 0.082657 seconds 
========================================================================
Received Import Request.
  Time since last request: 0.000039 seconds.
  path: Assets/SPUM/ModernPack1/Prefabs/Modern069.prefab
  artifactKey: Guid(da783d6961b344a4bb918e58bcce07c3) Importer(815301076,1909f56bfc062723c751e8b465ee728b)
Start importing Assets/SPUM/ModernPack1/Prefabs/Modern069.prefab using Guid(da783d6961b344a4bb918e58bcce07c3) Importer(815301076,1909f56bfc062723c751e8b465ee728b)  -> (artifact id: 'cb44f613ecc18bdad0f9df1c7fce752c') in 0.103277 seconds 
========================================================================
Received Import Request.
  Time since last request: 0.000031 seconds.
  path: Assets/SPUM/ModernPack1/Prefabs/Modern072.prefab
  artifactKey: Guid(176b5a3c92bc5e844b47f86699c93a75) Importer(815301076,1909f56bfc062723c751e8b465ee728b)
Start importing Assets/SPUM/ModernPack1/Prefabs/Modern072.prefab using Guid(176b5a3c92bc5e844b47f86699c93a75) Importer(815301076,1909f56bfc062723c751e8b465ee728b)  -> (artifact id: '73fd4acc0ca3a9ca0b530ab384a356fa') in 0.085393 seconds 
========================================================================
Received Import Request.
  Time since last request: 0.000030 seconds.
  path: Assets/SPUM/ModernPack1/Prefabs/Modern043.prefab
  artifactKey: Guid(44f5d623e33f92541b2c03319e9d7f3d) Importer(815301076,1909f56bfc062723c751e8b465ee728b)
Start importing Assets/SPUM/ModernPack1/Prefabs/Modern043.prefab using Guid(44f5d623e33f92541b2c03319e9d7f3d) Importer(815301076,1909f56bfc062723c751e8b465ee728b)  -> (artifact id: '4d5ed7e92cd96e023336f4843541f489') in 0.093762 seconds 
========================================================================
Received Import Request.
  Time since last request: 0.000034 seconds.
  path: Assets/SPUM/ModernPack1/Prefabs/Modern023.prefab
  artifactKey: Guid(6517c7488d19bb745a30aa9941d8e710) Importer(815301076,1909f56bfc062723c751e8b465ee728b)
Start importing Assets/SPUM/ModernPack1/Prefabs/Modern023.prefab using Guid(6517c7488d19bb745a30aa9941d8e710) Importer(815301076,1909f56bfc062723c751e8b465ee728b)  -> (artifact id: '33005a2f0c50a52bf8af613a6c39281b') in 0.113434 seconds 
========================================================================
Received Import Request.
  Time since last request: 0.000027 seconds.
  path: Assets/SPUM/ModernPack1/Prefabs/Modern028.prefab
  artifactKey: Guid(b9235ba9fc0c4e54daffa48e7985e1da) Importer(815301076,1909f56bfc062723c751e8b465ee728b)
Start importing Assets/SPUM/ModernPack1/Prefabs/Modern028.prefab using Guid(b9235ba9fc0c4e54daffa48e7985e1da) Importer(815301076,1909f56bfc062723c751e8b465ee728b)  -> (artifact id: '1d49745ebea1411c5776a4aabb856074') in 0.084783 seconds 
========================================================================
Received Import Request.
  Time since last request: 0.000025 seconds.
  path: Assets/SPUM/ModernPack1/Prefabs/Modern053.prefab
  artifactKey: Guid(a4448d483c92c1140a6d15f8e43ee93d) Importer(815301076,1909f56bfc062723c751e8b465ee728b)
Start importing Assets/SPUM/ModernPack1/Prefabs/Modern053.prefab using Guid(a4448d483c92c1140a6d15f8e43ee93d) Importer(815301076,1909f56bfc062723c751e8b465ee728b)  -> (artifact id: 'bbf2c5f5f5698dadb0d5ec1444ff1bc7') in 0.086802 seconds 
========================================================================
Received Import Request.
  Time since last request: 0.000039 seconds.
  path: Assets/SPUM/ModernPack1/Prefabs/Modern055.prefab
  artifactKey: Guid(390db25ca561b11449c99b0919a4c864) Importer(815301076,1909f56bfc062723c751e8b465ee728b)
Start importing Assets/SPUM/ModernPack1/Prefabs/Modern055.prefab using Guid(390db25ca561b11449c99b0919a4c864) Importer(815301076,1909f56bfc062723c751e8b465ee728b)  -> (artifact id: '91080e85135564052d7b80539bde1f3a') in 0.134466 seconds 
========================================================================
Received Import Request.
  Time since last request: 0.000024 seconds.
  path: Assets/SPUM/ModernPack1/Prefabs/Modern007.prefab
  artifactKey: Guid(88dc165d6b9de9c49a79a0b55d295629) Importer(815301076,1909f56bfc062723c751e8b465ee728b)
Start importing Assets/SPUM/ModernPack1/Prefabs/Modern007.prefab using Guid(88dc165d6b9de9c49a79a0b55d295629) Importer(815301076,1909f56bfc062723c751e8b465ee728b)  -> (artifact id: 'f4a30c1944a097c776215a0147835919') in 0.095145 seconds 
========================================================================
Received Import Request.
  Time since last request: 0.000032 seconds.
  path: Assets/SPUM/ModernPack1/Prefabs/Modern067.prefab
  artifactKey: Guid(127a085aacc6d544dbf84f8c8adb57f0) Importer(815301076,1909f56bfc062723c751e8b465ee728b)
Start importing Assets/SPUM/ModernPack1/Prefabs/Modern067.prefab using Guid(127a085aacc6d544dbf84f8c8adb57f0) Importer(815301076,1909f56bfc062723c751e8b465ee728b)  -> (artifact id: '528dd9caf0d403df9090e9d099055b2f') in 0.089656 seconds 
========================================================================
Received Import Request.
  Time since last request: 0.000046 seconds.
  path: Assets/SPUM/ModernPack1/Prefabs/Modern040.prefab
  artifactKey: Guid(f8bd957b996e46e41a9051f4d2494f2d) Importer(815301076,1909f56bfc062723c751e8b465ee728b)
Start importing Assets/SPUM/ModernPack1/Prefabs/Modern040.prefab using Guid(f8bd957b996e46e41a9051f4d2494f2d) Importer(815301076,1909f56bfc062723c751e8b465ee728b)  -> (artifact id: 'de3462d1912a2dcf6f0d5194d8b942ad') in 0.093701 seconds 
========================================================================
Received Import Request.
  Time since last request: 0.000022 seconds.
  path: Assets/SPUM/ModernPack1/Prefabs/Modern049.prefab
  artifactKey: Guid(f33a91dd1b8a2bb4ab945c36c661995e) Importer(815301076,1909f56bfc062723c751e8b465ee728b)
Start importing Assets/SPUM/ModernPack1/Prefabs/Modern049.prefab using Guid(f33a91dd1b8a2bb4ab945c36c661995e) Importer(815301076,1909f56bfc062723c751e8b465ee728b)  -> (artifact id: 'e51589937c0cdfc8a0b0c8199e5c0eed') in 0.076424 seconds 
========================================================================
Received Import Request.
  Time since last request: 0.000025 seconds.
  path: Assets/SPUM/ModernPack1/Prefabs/Modern014.prefab
  artifactKey: Guid(3336074d94a22d44fb72a920b6c59f08) Importer(815301076,1909f56bfc062723c751e8b465ee728b)
Start importing Assets/SPUM/ModernPack1/Prefabs/Modern014.prefab using Guid(3336074d94a22d44fb72a920b6c59f08) Importer(815301076,1909f56bfc062723c751e8b465ee728b)  -> (artifact id: 'e6b46d58196754991c419492b99e7908') in 0.077982 seconds 
========================================================================
Received Import Request.
  Time since last request: 0.000025 seconds.
  path: Assets/SPUM/ModernPack1/Prefabs/Modern073.prefab
  artifactKey: Guid(88bb96dd344627a4e8ae7c85ccba8886) Importer(815301076,1909f56bfc062723c751e8b465ee728b)
Start importing Assets/SPUM/ModernPack1/Prefabs/Modern073.prefab using Guid(88bb96dd344627a4e8ae7c85ccba8886) Importer(815301076,1909f56bfc062723c751e8b465ee728b)  -> (artifact id: '6b193207ad045a29a3517e2b026442d2') in 0.083327 seconds 
========================================================================
Received Import Request.
  Time since last request: 0.000035 seconds.
  path: Assets/SPUM/ModernPack1/Prefabs/Modern058.prefab
  artifactKey: Guid(e1446be0676f0cd47810c573f3db4cdd) Importer(815301076,1909f56bfc062723c751e8b465ee728b)
Start importing Assets/SPUM/ModernPack1/Prefabs/Modern058.prefab using Guid(e1446be0676f0cd47810c573f3db4cdd) Importer(815301076,1909f56bfc062723c751e8b465ee728b)  -> (artifact id: 'b9f74468546116d1815399a783261f56') in 0.073715 seconds 
========================================================================
Received Import Request.
  Time since last request: 0.000033 seconds.
  path: Assets/SPUM/ModernPack1/Prefabs/Modern013.prefab
  artifactKey: Guid(92afb487a563db84db82dae8ce213db4) Importer(815301076,1909f56bfc062723c751e8b465ee728b)
Start importing Assets/SPUM/ModernPack1/Prefabs/Modern013.prefab using Guid(92afb487a563db84db82dae8ce213db4) Importer(815301076,1909f56bfc062723c751e8b465ee728b)  -> (artifact id: '75df2b5920d0ce38a971ef133860de6d') in 0.080104 seconds 
========================================================================
Received Import Request.
  Time since last request: 0.000019 seconds.
  path: Assets/SPUM/ModernPack1/Prefabs/Modern019.prefab
  artifactKey: Guid(1e78700ce599063488e99d970595cc45) Importer(815301076,1909f56bfc062723c751e8b465ee728b)
Start importing Assets/SPUM/ModernPack1/Prefabs/Modern019.prefab using Guid(1e78700ce599063488e99d970595cc45) Importer(815301076,1909f56bfc062723c751e8b465ee728b)  -> (artifact id: '3abb41726179589584b1b91fddd908b3') in 0.083928 seconds 
========================================================================
Received Import Request.
  Time since last request: 0.000049 seconds.
  path: Assets/SPUM/ModernPack1/Prefabs/Modern056.prefab
  artifactKey: Guid(8826ad042638c0f49bc31efd1caa927f) Importer(815301076,1909f56bfc062723c751e8b465ee728b)
Start importing Assets/SPUM/ModernPack1/Prefabs/Modern056.prefab using Guid(8826ad042638c0f49bc31efd1caa927f) Importer(815301076,1909f56bfc062723c751e8b465ee728b)  -> (artifact id: 'e8c76912ba84a783c4be4e0f9c10411b') in 0.095240 seconds 
========================================================================
Received Import Request.
  Time since last request: 0.000040 seconds.
  path: Assets/SPUM/ModernPack1/Prefabs/Modern057.prefab
  artifactKey: Guid(c2304775da8c0454d9efee4fd934bcb9) Importer(815301076,1909f56bfc062723c751e8b465ee728b)
Start importing Assets/SPUM/ModernPack1/Prefabs/Modern057.prefab using Guid(c2304775da8c0454d9efee4fd934bcb9) Importer(815301076,1909f56bfc062723c751e8b465ee728b)  -> (artifact id: '162b7ffb420ab69db7f7de226ed94a26') in 0.104656 seconds 
========================================================================
Received Import Request.
  Time since last request: 0.000034 seconds.
  path: Assets/SPUM/ModernPack1/Prefabs/Modern059.prefab
  artifactKey: Guid(7288436cc942380468c304f992c66938) Importer(815301076,1909f56bfc062723c751e8b465ee728b)
Start importing Assets/SPUM/ModernPack1/Prefabs/Modern059.prefab using Guid(7288436cc942380468c304f992c66938) Importer(815301076,1909f56bfc062723c751e8b465ee728b)  -> (artifact id: 'a08865b6ab3732d98f86346a6bb0a24b') in 0.086154 seconds 
========================================================================
Received Import Request.
  Time since last request: 0.000027 seconds.
  path: Assets/SPUM/ModernPack1/Prefabs/Modern065.prefab
  artifactKey: Guid(51ed78c2a0385be4cbea3b604bab3524) Importer(815301076,1909f56bfc062723c751e8b465ee728b)
Start importing Assets/SPUM/ModernPack1/Prefabs/Modern065.prefab using Guid(51ed78c2a0385be4cbea3b604bab3524) Importer(815301076,1909f56bfc062723c751e8b465ee728b)  -> (artifact id: '26c65a6b09f5b56e4f93f42e3c02ddcb') in 0.148888 seconds 
========================================================================
Received Import Request.
  Time since last request: 0.000035 seconds.
  path: Assets/SPUM/ModernPack1/Prefabs/Modern030.prefab
  artifactKey: Guid(46e6dc981d7490c4ab28e29c2a33b40e) Importer(815301076,1909f56bfc062723c751e8b465ee728b)
Start importing Assets/SPUM/ModernPack1/Prefabs/Modern030.prefab using Guid(46e6dc981d7490c4ab28e29c2a33b40e) Importer(815301076,1909f56bfc062723c751e8b465ee728b)  -> (artifact id: 'c690e105d70c483bff8fb24c7a1c6701') in 0.083480 seconds 
========================================================================
Received Import Request.
  Time since last request: 0.000019 seconds.
  path: Assets/SPUM/ModernPack1/Prefabs/Modern074.prefab
  artifactKey: Guid(e7cd60d2ab7f38747b1257a62298c0a9) Importer(815301076,1909f56bfc062723c751e8b465ee728b)
Start importing Assets/SPUM/ModernPack1/Prefabs/Modern074.prefab using Guid(e7cd60d2ab7f38747b1257a62298c0a9) Importer(815301076,1909f56bfc062723c751e8b465ee728b)  -> (artifact id: '1545537f36cc713052627b6c4bd40203') in 0.082294 seconds 
========================================================================
Received Import Request.
  Time since last request: 0.000073 seconds.
  path: Assets/SPUM/ModernPack1/Prefabs/Modern076.prefab
  artifactKey: Guid(7401219383082bd4c9c5f5c9512dceca) Importer(815301076,1909f56bfc062723c751e8b465ee728b)
Start importing Assets/SPUM/ModernPack1/Prefabs/Modern076.prefab using Guid(7401219383082bd4c9c5f5c9512dceca) Importer(815301076,1909f56bfc062723c751e8b465ee728b)  -> (artifact id: '3716c285e76417adbd4ae8d64fafe219') in 0.078130 seconds 
========================================================================
Received Import Request.
  Time since last request: 5.312049 seconds.
  path: Assets/SPUM/ModernPack1/Prefabs/Modern078.prefab
  artifactKey: Guid(616d3e85be0526845b34218a1bbf248d) Importer(815301076,1909f56bfc062723c751e8b465ee728b)
Start importing Assets/SPUM/ModernPack1/Prefabs/Modern078.prefab using Guid(616d3e85be0526845b34218a1bbf248d) Importer(815301076,1909f56bfc062723c751e8b465ee728b)  -> (artifact id: '8f44da030a16874239afe89c248dc7ba') in 0.107493 seconds 
========================================================================
Received Import Request.
  Time since last request: 0.000023 seconds.
  path: Assets/SPUM/ModernPack1/Prefabs/Modern090.prefab
  artifactKey: Guid(66f768a673488534faf8d9282e120d8e) Importer(815301076,1909f56bfc062723c751e8b465ee728b)
Start importing Assets/SPUM/ModernPack1/Prefabs/Modern090.prefab using Guid(66f768a673488534faf8d9282e120d8e) Importer(815301076,1909f56bfc062723c751e8b465ee728b)  -> (artifact id: '578f9009011177334ce2cd0b41dafead') in 0.113072 seconds 
========================================================================
Received Import Request.
  Time since last request: 0.000033 seconds.
  path: Assets/SPUM/ModernPack1/Prefabs/Modern093.prefab
  artifactKey: Guid(72d426f0765fa504190233d5d3d197bf) Importer(815301076,1909f56bfc062723c751e8b465ee728b)
Start importing Assets/SPUM/ModernPack1/Prefabs/Modern093.prefab using Guid(72d426f0765fa504190233d5d3d197bf) Importer(815301076,1909f56bfc062723c751e8b465ee728b)  -> (artifact id: 'd06d00a7fe904f922fe5f471167122f0') in 0.081565 seconds 
========================================================================
Received Import Request.
  Time since last request: 0.000035 seconds.
  path: Assets/SPUM/ModernPack1/Prefabs/Modern094.prefab
  artifactKey: Guid(5a749768d31f83a4db5eee30be73fa41) Importer(815301076,1909f56bfc062723c751e8b465ee728b)
Start importing Assets/SPUM/ModernPack1/Prefabs/Modern094.prefab using Guid(5a749768d31f83a4db5eee30be73fa41) Importer(815301076,1909f56bfc062723c751e8b465ee728b)  -> (artifact id: '2195fc84c57212ac3984ed68fd9fd593') in 0.081287 seconds 
========================================================================
Received Import Request.
  Time since last request: 0.000030 seconds.
  path: Assets/SPUM/ModernPack1/Prefabs/Modern082.prefab
  artifactKey: Guid(82fa4fb0372c206469f81d7ed25d849b) Importer(815301076,1909f56bfc062723c751e8b465ee728b)
Start importing Assets/SPUM/ModernPack1/Prefabs/Modern082.prefab using Guid(82fa4fb0372c206469f81d7ed25d849b) Importer(815301076,1909f56bfc062723c751e8b465ee728b)  -> (artifact id: 'fa1d4f01fbee6b8be26025b82ce21f38') in 0.080085 seconds 
========================================================================
Received Import Request.
  Time since last request: 0.000022 seconds.
  path: Assets/SPUM/ModernPack1/Prefabs/Modern091.prefab
  artifactKey: Guid(555eeccdd0754674e9b5522b2ea948a7) Importer(815301076,1909f56bfc062723c751e8b465ee728b)
Start importing Assets/SPUM/ModernPack1/Prefabs/Modern091.prefab using Guid(555eeccdd0754674e9b5522b2ea948a7) Importer(815301076,1909f56bfc062723c751e8b465ee728b)  -> (artifact id: '132f1c29577d5bf353065bb1dd1bd708') in 0.087395 seconds 
========================================================================
Received Import Request.
  Time since last request: 0.000037 seconds.
  path: Assets/SPUM/ModernPack1/Prefabs/Modern081.prefab
  artifactKey: Guid(4bdc7837241a09c4cab3626dcf2356df) Importer(815301076,1909f56bfc062723c751e8b465ee728b)
Start importing Assets/SPUM/ModernPack1/Prefabs/Modern081.prefab using Guid(4bdc7837241a09c4cab3626dcf2356df) Importer(815301076,1909f56bfc062723c751e8b465ee728b)  -> (artifact id: '0ce00ad5fd44d8128d44439ae56f2932') in 0.083035 seconds 
========================================================================
Received Import Request.
  Time since last request: 0.000029 seconds.
  path: Assets/SPUM/ModernPack1/Prefabs/Modern084.prefab
  artifactKey: Guid(a0f147cc060634d4980d335a1d2e2fcc) Importer(815301076,1909f56bfc062723c751e8b465ee728b)
Start importing Assets/SPUM/ModernPack1/Prefabs/Modern084.prefab using Guid(a0f147cc060634d4980d335a1d2e2fcc) Importer(815301076,1909f56bfc062723c751e8b465ee728b)  -> (artifact id: 'd82d1d7b6ca5bdfa8754b4728f2f0e2e') in 0.089779 seconds 
========================================================================
Received Import Request.
  Time since last request: 0.000022 seconds.
  path: Assets/SPUM/ModernPack1/Prefabs/Modern085.prefab
  artifactKey: Guid(2014083a0afc40d4e9a6a877ea6893c3) Importer(815301076,1909f56bfc062723c751e8b465ee728b)
Start importing Assets/SPUM/ModernPack1/Prefabs/Modern085.prefab using Guid(2014083a0afc40d4e9a6a877ea6893c3) Importer(815301076,1909f56bfc062723c751e8b465ee728b)  -> (artifact id: '7c5c16252c70ee482b7a6da286736489') in 0.087690 seconds 
========================================================================
Received Import Request.
  Time since last request: 0.107052 seconds.
  path: Assets/SPUM/ModernPack1/Prefabs/Modern097.prefab
  artifactKey: Guid(bdc748eabb197f74d80c8e15e660c929) Importer(815301076,1909f56bfc062723c751e8b465ee728b)
Start importing Assets/SPUM/ModernPack1/Prefabs/Modern097.prefab using Guid(bdc748eabb197f74d80c8e15e660c929) Importer(815301076,1909f56bfc062723c751e8b465ee728b)  -> (artifact id: 'db25636d97074a16e2c7822967bdde50') in 0.082793 seconds 
========================================================================
Received Import Request.
  Time since last request: 0.000023 seconds.
  path: Assets/SPUM/ModernPack1/Prefabs/Modern099.prefab
  artifactKey: Guid(e7325c377cee56c45a13659d56685fc0) Importer(815301076,1909f56bfc062723c751e8b465ee728b)
Start importing Assets/SPUM/ModernPack1/Prefabs/Modern099.prefab using Guid(e7325c377cee56c45a13659d56685fc0) Importer(815301076,1909f56bfc062723c751e8b465ee728b)  -> (artifact id: 'c5ff01cf937966c243a8349871016a25') in 0.090594 seconds 
========================================================================
Received Prepare
Registering precompiled user dll's ...
Registered in 0.020039 seconds.
Begin MonoManager ReloadAssembly
Symbol file LoadedFromMemory doesn't match image F:\25aiwork\25AITown\Library\PackageCache\com.unity.visualscripting@1.8.0\Editor\VisualScripting.Core\Dependencies\YamlDotNet\Unity.VisualScripting.YamlDotNet.dll
Symbol file LoadedFromMemory doesn't match image F:\25aiwork\25AITown\Library\PackageCache\com.unity.visualscripting@1.8.0\Editor\VisualScripting.Core\Dependencies\DotNetZip\Unity.VisualScripting.IonicZip.dll
Native extension for WindowsStandalone target not found
Native extension for iOS target not found
Native extension for Android target not found
Native extension for OSXStandalone target not found
Refreshing native plugins compatible for Editor in 3.94 ms, found 4 plugins.
Preloading 0 native plugins for Editor in 0.00 ms.
Mono: successfully reloaded assembly
- Completed reload, in  1.503 seconds
Domain Reload Profiling:
	ReloadAssembly (1504ms)
		BeginReloadAssembly (208ms)
			ExecutionOrderSort (0ms)
			DisableScriptedObjects (6ms)
			BackupInstance (0ms)
			ReleaseScriptingObjects (0ms)
			CreateAndSetChildDomain (51ms)
		EndReloadAssembly (1164ms)
			LoadAssemblies (161ms)
			RebuildTransferFunctionScriptingTraits (0ms)
			SetupTypeCache (239ms)
			ReleaseScriptCaches (2ms)
			RebuildScriptCaches (52ms)
			SetupLoadedEditorAssemblies (623ms)
				LogAssemblyErrors (0ms)
				InitializePlatformSupportModulesInManaged (39ms)
				SetLoadedEditorAssemblies (0ms)
				RefreshPlugins (4ms)
				BeforeProcessingInitializeOnLoad (122ms)
				ProcessInitializeOnLoadAttributes (380ms)
				ProcessInitializeOnLoadMethodAttributes (47ms)
				AfterProcessingInitializeOnLoad (30ms)
				EditorAssembliesLoaded (0ms)
			ExecutionOrderSort2 (0ms)
			AwakeInstancesAfterBackupRestoration (39ms)
Platform modules already initialized, skipping
Refreshing native plugins compatible for Editor in 11.25 ms, found 4 plugins.
Preloading 0 native plugins for Editor in 0.00 ms.
Unloading 4742 Unused Serialized files (Serialized files now loaded: 0)
Unloading 32 unused Assets / (97.0 KB). Loaded Objects now: 5273.
Memory consumption went from 196.1 MB to 196.0 MB.
Total: 4.358300 ms (FindLiveObjects: 0.475700 ms CreateObjectMapping: 0.274600 ms MarkObjects: 3.524000 ms  DeleteObjects: 0.082200 ms)

AssetImportParameters requested are different than current active one (requested -> active):
  custom:video-decoder-ogg-theora: a1e56fd34408186e4bbccfd4996cb3dc -> 
  custom:container-muxer-webm: aa71ff27fc2769a1b78a27578f13a17b -> 
  custom:container-demuxer-webm: 4f35f7cbe854078d1ac9338744f61a02 -> 
  custom:video-encoder-webm-vp8: eb34c28f22e8b96e1ab97ce403110664 -> 
  custom:audio-encoder-webm-vorbis: bf7c407c2cedff20999df2af8eb42d56 -> 
  custom:framework-win-MediaFoundation: 216162199b28c13a410421893ffa2e32 -> 
  custom:container-demuxer-ogg: 62fdf1f143b41e24485cea50d1cbac27 -> 
  custom:video-decoder-webm-vp8: 9c59270c3fd7afecdb556c50c9e8de78 -> 
  custom:audio-decoder-ogg-vorbis: bf7c407c2cedff20999df2af8eb42d56 -> 
