Using pre-set license
Built from '2021.3/china_unity/release' branch; Version is '2021.3.23f1c1 (b82b1f861975) revision 12069663'; Using compiler version '192829333'; Build Type 'Release'
OS: 'Windows 11  (10.0.22631) 64bit Professional' Language: 'zh' Physical Memory: 32440 MB
BatchMode: 1, IsHumanControllingUs: 0, StartBugReporterOnCrash: 0, Is64bit: 1, IsPro: 1

COMMAND LINE ARGUMENTS:
C:\Program Files\Unity\Hub\Editor\2021.3.23f1c1\Editor\Unity.exe
-adb2
-batchMode
-noUpm
-name
AssetImportWorker3
-projectPath
F:/25aiwork/25AITown
-logFile
Logs/AssetImportWorker3.log
-srvPort
56618
Successfully changed project path to: F:/25aiwork/25AITown
F:/25aiwork/25AITown
[UnityMemory] Configuration Parameters - Can be set up in boot.config
    "memorysetup-bucket-allocator-granularity=16"
    "memorysetup-bucket-allocator-bucket-count=8"
    "memorysetup-bucket-allocator-block-size=33554432"
    "memorysetup-bucket-allocator-block-count=8"
    "memorysetup-main-allocator-block-size=16777216"
    "memorysetup-thread-allocator-block-size=16777216"
    "memorysetup-gfx-main-allocator-block-size=16777216"
    "memorysetup-gfx-thread-allocator-block-size=16777216"
    "memorysetup-cache-allocator-block-size=4194304"
    "memorysetup-typetree-allocator-block-size=2097152"
    "memorysetup-profiler-bucket-allocator-granularity=16"
    "memorysetup-profiler-bucket-allocator-bucket-count=8"
    "memorysetup-profiler-bucket-allocator-block-size=33554432"
    "memorysetup-profiler-bucket-allocator-block-count=8"
    "memorysetup-profiler-allocator-block-size=16777216"
    "memorysetup-profiler-editor-allocator-block-size=1048576"
    "memorysetup-temp-allocator-size-main=16777216"
    "memorysetup-job-temp-allocator-block-size=2097152"
    "memorysetup-job-temp-allocator-block-size-background=1048576"
    "memorysetup-job-temp-allocator-reduction-small-platforms=262144"
    "memorysetup-temp-allocator-size-background-worker=32768"
    "memorysetup-temp-allocator-size-job-worker=262144"
    "memorysetup-temp-allocator-size-preload-manager=33554432"
    "memorysetup-temp-allocator-size-nav-mesh-worker=65536"
    "memorysetup-temp-allocator-size-audio-worker=65536"
    "memorysetup-temp-allocator-size-cloud-worker=32768"
    "memorysetup-temp-allocator-size-gi-baking-worker=262144"
    "memorysetup-temp-allocator-size-gfx=262144"
Player connection [20440] Host "[IP] 10.17.61.161 [Port] 0 [Flags] 2 [Guid] 2466851126 [EditorId] 2466851126 [Version] 1048832 [Id] WindowsEditor(7,DESKTOP-1IPHGGQ) [Debug] 1 [PackageName] WindowsEditor [ProjectName] Editor" joined multi-casting on [225.0.0.222:54997]...

Player connection [20440] Host "[IP] 10.17.61.161 [Port] 0 [Flags] 2 [Guid] 2466851126 [EditorId] 2466851126 [Version] 1048832 [Id] WindowsEditor(7,DESKTOP-1IPHGGQ) [Debug] 1 [PackageName] WindowsEditor [ProjectName] Editor" joined alternative multi-casting on [225.0.0.222:34997]...

AS: AutoStreaming module initializing.
Refreshing native plugins compatible for Editor in 249.05 ms, found 4 plugins.
Preloading 0 native plugins for Editor in 0.00 ms.
Initialize engine version: 2021.3.23f1c1 (b82b1f861975)
[Subsystems] Discovering subsystems at path C:/Program Files/Unity/Hub/Editor/2021.3.23f1c1/Editor/Data/Resources/UnitySubsystems
[Subsystems] Discovering subsystems at path F:/25aiwork/25AITown/Assets
GfxDevice: creating device client; threaded=0; jobified=0
Direct3D:
    Version:  Direct3D 11.0 [level 11.1]
    Renderer: NVIDIA GeForce GTX 1660 Ti (ID=0x2182)
    Vendor:   NVIDIA
    VRAM:     5979 MB
    Driver:   31.0.15.3619
Initialize mono
Mono path[0] = 'C:/Program Files/Unity/Hub/Editor/2021.3.23f1c1/Editor/Data/Managed'
Mono path[1] = 'C:/Program Files/Unity/Hub/Editor/2021.3.23f1c1/Editor/Data/MonoBleedingEdge/lib/mono/unityjit-win32'
Mono config path = 'C:/Program Files/Unity/Hub/Editor/2021.3.23f1c1/Editor/Data/MonoBleedingEdge/etc'
Using monoOptions --debugger-agent=transport=dt_socket,embedding=1,server=y,suspend=n,address=127.0.0.1:56604
Begin MonoManager ReloadAssembly
Registering precompiled unity dll's ...
Register platform support module: C:/Program Files/Unity/Hub/Editor/2021.3.23f1c1/Editor/Data/PlaybackEngines/MacStandaloneSupport/UnityEditor.OSXStandalone.Extensions.dll
Register platform support module: C:/Program Files/Unity/Hub/Editor/2021.3.23f1c1/Editor/Data/PlaybackEngines/AndroidPlayer/UnityEditor.Android.Extensions.dll
Register platform support module: C:/Program Files/Unity/Hub/Editor/2021.3.23f1c1/Editor/Data/PlaybackEngines/iOSSupport/UnityEditor.iOS.Extensions.dll
Register platform support module: C:/Program Files/Unity/Hub/Editor/2021.3.23f1c1/Editor/Data/PlaybackEngines/WindowsStandaloneSupport/UnityEditor.WindowsStandalone.Extensions.dll
Registered in 0.019818 seconds.
Native extension for WindowsStandalone target not found
[usbmuxd] Start listen thread
[usbmuxd] Listen thread started
Native extension for iOS target not found
Native extension for Android target not found
Android Extension - Scanning For ADB Devices 231 ms
Native extension for OSXStandalone target not found
Refreshing native plugins compatible for Editor in 235.67 ms, found 4 plugins.
Preloading 0 native plugins for Editor in 0.00 ms.
Mono: successfully reloaded assembly
- Completed reload, in  1.004 seconds
Domain Reload Profiling:
	ReloadAssembly (1005ms)
		BeginReloadAssembly (85ms)
			ExecutionOrderSort (0ms)
			DisableScriptedObjects (0ms)
			BackupInstance (0ms)
			ReleaseScriptingObjects (0ms)
			CreateAndSetChildDomain (1ms)
		EndReloadAssembly (811ms)
			LoadAssemblies (79ms)
			RebuildTransferFunctionScriptingTraits (0ms)
			SetupTypeCache (82ms)
			ReleaseScriptCaches (0ms)
			RebuildScriptCaches (25ms)
			SetupLoadedEditorAssemblies (645ms)
				LogAssemblyErrors (0ms)
				InitializePlatformSupportModulesInManaged (301ms)
				SetLoadedEditorAssemblies (0ms)
				RefreshPlugins (236ms)
				BeforeProcessingInitializeOnLoad (1ms)
				ProcessInitializeOnLoadAttributes (68ms)
				ProcessInitializeOnLoadMethodAttributes (38ms)
				AfterProcessingInitializeOnLoad (0ms)
				EditorAssembliesLoaded (0ms)
			ExecutionOrderSort2 (0ms)
			AwakeInstancesAfterBackupRestoration (0ms)
Platform modules already initialized, skipping
Registering precompiled user dll's ...
Registered in 0.021182 seconds.
Begin MonoManager ReloadAssembly
Symbol file LoadedFromMemory doesn't match image F:\25aiwork\25AITown\Library\PackageCache\com.unity.visualscripting@1.8.0\Editor\VisualScripting.Core\Dependencies\YamlDotNet\Unity.VisualScripting.YamlDotNet.dll
Symbol file LoadedFromMemory doesn't match image F:\25aiwork\25AITown\Library\PackageCache\com.unity.visualscripting@1.8.0\Editor\VisualScripting.Core\Dependencies\DotNetZip\Unity.VisualScripting.IonicZip.dll
Native extension for WindowsStandalone target not found
Native extension for iOS target not found
Native extension for Android target not found
Native extension for OSXStandalone target not found
Refreshing native plugins compatible for Editor in 232.30 ms, found 4 plugins.
Preloading 0 native plugins for Editor in 0.00 ms.
Mono: successfully reloaded assembly
- Completed reload, in  1.602 seconds
Domain Reload Profiling:
	ReloadAssembly (1603ms)
		BeginReloadAssembly (128ms)
			ExecutionOrderSort (0ms)
			DisableScriptedObjects (4ms)
			BackupInstance (0ms)
			ReleaseScriptingObjects (0ms)
			CreateAndSetChildDomain (20ms)
		EndReloadAssembly (1358ms)
			LoadAssemblies (118ms)
			RebuildTransferFunctionScriptingTraits (0ms)
			SetupTypeCache (203ms)
			ReleaseScriptCaches (1ms)
			RebuildScriptCaches (55ms)
			SetupLoadedEditorAssemblies (939ms)
				LogAssemblyErrors (0ms)
				InitializePlatformSupportModulesInManaged (31ms)
				SetLoadedEditorAssemblies (0ms)
				RefreshPlugins (232ms)
				BeforeProcessingInitializeOnLoad (118ms)
				ProcessInitializeOnLoadAttributes (498ms)
				ProcessInitializeOnLoadMethodAttributes (34ms)
				AfterProcessingInitializeOnLoad (25ms)
				EditorAssembliesLoaded (0ms)
			ExecutionOrderSort2 (0ms)
			AwakeInstancesAfterBackupRestoration (7ms)
Platform modules already initialized, skipping
========================================================================
Worker process is ready to serve import requests
Launched and connected shader compiler UnityShaderCompiler.exe after 0.04 seconds
Refreshing native plugins compatible for Editor in 3.27 ms, found 4 plugins.
Preloading 0 native plugins for Editor in 0.00 ms.
Unloading 4778 Unused Serialized files (Serialized files now loaded: 0)
Unloading 57 unused Assets / (129.9 KB). Loaded Objects now: 5250.
Memory consumption went from 195.2 MB to 195.0 MB.
Total: 5.946900 ms (FindLiveObjects: 0.411500 ms CreateObjectMapping: 0.246000 ms MarkObjects: 5.052100 ms  DeleteObjects: 0.235100 ms)

AssetImportParameters requested are different than current active one (requested -> active):
  custom:video-decoder-ogg-theora: a1e56fd34408186e4bbccfd4996cb3dc -> 
  custom:container-muxer-webm: aa71ff27fc2769a1b78a27578f13a17b -> 
  custom:container-demuxer-webm: 4f35f7cbe854078d1ac9338744f61a02 -> 
  custom:video-encoder-webm-vp8: eb34c28f22e8b96e1ab97ce403110664 -> 
  custom:audio-encoder-webm-vorbis: bf7c407c2cedff20999df2af8eb42d56 -> 
  custom:framework-win-MediaFoundation: 216162199b28c13a410421893ffa2e32 -> 
  custom:container-demuxer-ogg: 62fdf1f143b41e24485cea50d1cbac27 -> 
  custom:video-decoder-webm-vp8: 9c59270c3fd7afecdb556c50c9e8de78 -> 
  custom:audio-decoder-ogg-vorbis: bf7c407c2cedff20999df2af8eb42d56 -> 
========================================================================
Received Import Request.
  Time since last request: 673556.194739 seconds.
  path: Assets/Scenes/Terrian.unity
  artifactKey: Guid(2cda990e2423bbf4892e6590ba056729) Importer(815301076,1909f56bfc062723c751e8b465ee728b)
Start importing Assets/Scenes/Terrian.unity using Guid(2cda990e2423bbf4892e6590ba056729) Importer(815301076,1909f56bfc062723c751e8b465ee728b)  -> (artifact id: 'f1d88596c2f0505bfe1d2c7e5809f980') in 0.028432 seconds 
========================================================================
Received Import Request.
  Time since last request: 655.689374 seconds.
  path: Assets/SPUM/ModernPack1/Prefabs/Modern002.prefab
  artifactKey: Guid(a41cb74410b4e55448a3b89f1b4e4102) Importer(815301076,1909f56bfc062723c751e8b465ee728b)
Start importing Assets/SPUM/ModernPack1/Prefabs/Modern002.prefab using Guid(a41cb74410b4e55448a3b89f1b4e4102) Importer(815301076,1909f56bfc062723c751e8b465ee728b)  -> (artifact id: '3b8b3f27375ab0ed8cae558111027581') in 0.331876 seconds 
========================================================================
Received Import Request.
  Time since last request: 0.000030 seconds.
  path: Assets/SPUM/ModernPack1/Prefabs/Modern004.prefab
  artifactKey: Guid(0ce8f49b016451047b7b6fcaf11c56ba) Importer(815301076,1909f56bfc062723c751e8b465ee728b)
Start importing Assets/SPUM/ModernPack1/Prefabs/Modern004.prefab using Guid(0ce8f49b016451047b7b6fcaf11c56ba) Importer(815301076,1909f56bfc062723c751e8b465ee728b)  -> (artifact id: '4b458aa28e461e90fc7bb2a26fc4a46d') in 0.144511 seconds 
========================================================================
Received Import Request.
  Time since last request: 0.000034 seconds.
  path: Assets/SPUM/ModernPack1/Prefabs/Modern050.prefab
  artifactKey: Guid(ea34f8ebc0ba0d147a1dafcc07b77bf6) Importer(815301076,1909f56bfc062723c751e8b465ee728b)
Start importing Assets/SPUM/ModernPack1/Prefabs/Modern050.prefab using Guid(ea34f8ebc0ba0d147a1dafcc07b77bf6) Importer(815301076,1909f56bfc062723c751e8b465ee728b)  -> (artifact id: '81a17cb44b9edbc4915fbf785e994361') in 0.098807 seconds 
========================================================================
Received Import Request.
  Time since last request: 0.000027 seconds.
  path: Assets/SPUM/ModernPack1/Prefabs/Modern054.prefab
  artifactKey: Guid(552330a092322e343b3bf726071eb3af) Importer(815301076,1909f56bfc062723c751e8b465ee728b)
Start importing Assets/SPUM/ModernPack1/Prefabs/Modern054.prefab using Guid(552330a092322e343b3bf726071eb3af) Importer(815301076,1909f56bfc062723c751e8b465ee728b)  -> (artifact id: 'a1ad76ae93a1ea6d62217dc01cb680c2') in 0.131079 seconds 
========================================================================
Received Import Request.
  Time since last request: 0.000029 seconds.
  path: Assets/SPUM/ModernPack1/Prefabs/Modern024.prefab
  artifactKey: Guid(19614194e22a1a34cb220c6051856d8f) Importer(815301076,1909f56bfc062723c751e8b465ee728b)
Start importing Assets/SPUM/ModernPack1/Prefabs/Modern024.prefab using Guid(19614194e22a1a34cb220c6051856d8f) Importer(815301076,1909f56bfc062723c751e8b465ee728b)  -> (artifact id: 'f76e0acb2e38cf9c61a55035b28b6a7e') in 0.118906 seconds 
========================================================================
Received Import Request.
  Time since last request: 0.000041 seconds.
  path: Assets/SPUM/ModernPack1/Prefabs/Modern011.prefab
  artifactKey: Guid(9069e819fb7db8d46b0e3ef14cd59aaf) Importer(815301076,1909f56bfc062723c751e8b465ee728b)
Start importing Assets/SPUM/ModernPack1/Prefabs/Modern011.prefab using Guid(9069e819fb7db8d46b0e3ef14cd59aaf) Importer(815301076,1909f56bfc062723c751e8b465ee728b)  -> (artifact id: 'be20576877e4f04d235c9efc5e773ed2') in 0.119642 seconds 
========================================================================
Received Import Request.
  Time since last request: 0.000023 seconds.
  path: Assets/SPUM/ModernPack1/Prefabs/Modern066.prefab
  artifactKey: Guid(11479e515d7171f46bf9c0363b21d40b) Importer(815301076,1909f56bfc062723c751e8b465ee728b)
Start importing Assets/SPUM/ModernPack1/Prefabs/Modern066.prefab using Guid(11479e515d7171f46bf9c0363b21d40b) Importer(815301076,1909f56bfc062723c751e8b465ee728b)  -> (artifact id: 'f3a6617cf84dd21cf463fb02a68c0c2c') in 0.109720 seconds 
========================================================================
Received Import Request.
  Time since last request: 0.000028 seconds.
  path: Assets/SPUM/ModernPack1/Prefabs/Modern034.prefab
  artifactKey: Guid(1530a091ff7df5849b225ee9053f450f) Importer(815301076,1909f56bfc062723c751e8b465ee728b)
Start importing Assets/SPUM/ModernPack1/Prefabs/Modern034.prefab using Guid(1530a091ff7df5849b225ee9053f450f) Importer(815301076,1909f56bfc062723c751e8b465ee728b)  -> (artifact id: 'a7b6add6460a498a1c1472079a32e852') in 0.096675 seconds 
========================================================================
Received Import Request.
  Time since last request: 0.000036 seconds.
  path: Assets/SPUM/ModernPack1/Prefabs/Modern047.prefab
  artifactKey: Guid(acceca3810a4f774da64ddbca9c7cec3) Importer(815301076,1909f56bfc062723c751e8b465ee728b)
Start importing Assets/SPUM/ModernPack1/Prefabs/Modern047.prefab using Guid(acceca3810a4f774da64ddbca9c7cec3) Importer(815301076,1909f56bfc062723c751e8b465ee728b)  -> (artifact id: '3044f9ad95d7416aa137f6a0a3167b44') in 0.096924 seconds 
========================================================================
Received Import Request.
  Time since last request: 0.000026 seconds.
  path: Assets/SPUM/ModernPack1/Prefabs/Modern015.prefab
  artifactKey: Guid(8315df8f067e4ff4f8326951a41c6ef1) Importer(815301076,1909f56bfc062723c751e8b465ee728b)
Start importing Assets/SPUM/ModernPack1/Prefabs/Modern015.prefab using Guid(8315df8f067e4ff4f8326951a41c6ef1) Importer(815301076,1909f56bfc062723c751e8b465ee728b)  -> (artifact id: '964ce095853a1e8df3d45eb2e818bb41') in 0.084713 seconds 
========================================================================
Received Import Request.
  Time since last request: 0.000028 seconds.
  path: Assets/SPUM/ModernPack1/Prefabs/Modern031.prefab
  artifactKey: Guid(2184978f51b8d6f45b6d7b3c3629f7d6) Importer(815301076,1909f56bfc062723c751e8b465ee728b)
Start importing Assets/SPUM/ModernPack1/Prefabs/Modern031.prefab using Guid(2184978f51b8d6f45b6d7b3c3629f7d6) Importer(815301076,1909f56bfc062723c751e8b465ee728b)  -> (artifact id: '820b4c9866a2853b42b7cb60bfdb5a85') in 0.164066 seconds 
========================================================================
Received Import Request.
  Time since last request: 0.000026 seconds.
  path: Assets/SPUM/ModernPack1/Prefabs/Modern046.prefab
  artifactKey: Guid(f6ba05591cc35374294a3765a54e9831) Importer(815301076,1909f56bfc062723c751e8b465ee728b)
Start importing Assets/SPUM/ModernPack1/Prefabs/Modern046.prefab using Guid(f6ba05591cc35374294a3765a54e9831) Importer(815301076,1909f56bfc062723c751e8b465ee728b)  -> (artifact id: '93edfd390cda5cbaed04ce63046b6f99') in 0.154416 seconds 
========================================================================
Received Import Request.
  Time since last request: 0.000031 seconds.
  path: Assets/SPUM/ModernPack1/Prefabs/Modern039.prefab
  artifactKey: Guid(7c83731c96eaee9419a125be4e9272cc) Importer(815301076,1909f56bfc062723c751e8b465ee728b)
Start importing Assets/SPUM/ModernPack1/Prefabs/Modern039.prefab using Guid(7c83731c96eaee9419a125be4e9272cc) Importer(815301076,1909f56bfc062723c751e8b465ee728b)  -> (artifact id: '7a5f58d8759ec31c3015deb0ef3ccf41') in 0.098888 seconds 
========================================================================
Received Import Request.
  Time since last request: 0.000027 seconds.
  path: Assets/SPUM/ModernPack1/Prefabs/Modern048.prefab
  artifactKey: Guid(f7a3e6ce71d372c459e7cc9061b4dd97) Importer(815301076,1909f56bfc062723c751e8b465ee728b)
Start importing Assets/SPUM/ModernPack1/Prefabs/Modern048.prefab using Guid(f7a3e6ce71d372c459e7cc9061b4dd97) Importer(815301076,1909f56bfc062723c751e8b465ee728b)  -> (artifact id: 'dd460bf8052c0e9efdbdecadcc35fec6') in 0.084105 seconds 
========================================================================
Received Import Request.
  Time since last request: 0.000029 seconds.
  path: Assets/SPUM/ModernPack1/Prefabs/Modern017.prefab
  artifactKey: Guid(fb0ba85a49aeb164c899280aa977bca9) Importer(815301076,1909f56bfc062723c751e8b465ee728b)
Start importing Assets/SPUM/ModernPack1/Prefabs/Modern017.prefab using Guid(fb0ba85a49aeb164c899280aa977bca9) Importer(815301076,1909f56bfc062723c751e8b465ee728b)  -> (artifact id: '70bb07721151e7e3a0047572aafa002a') in 0.073082 seconds 
========================================================================
Received Import Request.
  Time since last request: 0.000036 seconds.
  path: Assets/SPUM/ModernPack1/Prefabs/Modern037.prefab
  artifactKey: Guid(799e1cbfb7435cc49ae77a6cefdd427b) Importer(815301076,1909f56bfc062723c751e8b465ee728b)
Start importing Assets/SPUM/ModernPack1/Prefabs/Modern037.prefab using Guid(799e1cbfb7435cc49ae77a6cefdd427b) Importer(815301076,1909f56bfc062723c751e8b465ee728b)  -> (artifact id: 'b771801d89d68f3548e37e70b2c529e3') in 0.087301 seconds 
========================================================================
Received Import Request.
  Time since last request: 0.000040 seconds.
  path: Assets/SPUM/ModernPack1/Prefabs/Modern029.prefab
  artifactKey: Guid(0df2ef30ce765b346a0dae22e328378d) Importer(815301076,1909f56bfc062723c751e8b465ee728b)
Start importing Assets/SPUM/ModernPack1/Prefabs/Modern029.prefab using Guid(0df2ef30ce765b346a0dae22e328378d) Importer(815301076,1909f56bfc062723c751e8b465ee728b)  -> (artifact id: 'e524cc4264dd28edd23559604db3f7b0') in 0.107294 seconds 
========================================================================
Received Import Request.
  Time since last request: 0.000027 seconds.
  path: Assets/SPUM/ModernPack1/Prefabs/Modern064.prefab
  artifactKey: Guid(bad15d23b2afdcb4883499645efe1e51) Importer(815301076,1909f56bfc062723c751e8b465ee728b)
Start importing Assets/SPUM/ModernPack1/Prefabs/Modern064.prefab using Guid(bad15d23b2afdcb4883499645efe1e51) Importer(815301076,1909f56bfc062723c751e8b465ee728b)  -> (artifact id: '11af29601919ff482a5b381ab550c4c4') in 0.092985 seconds 
========================================================================
Received Import Request.
  Time since last request: 0.000044 seconds.
  path: Assets/SPUM/ModernPack1/Prefabs/Modern022.prefab
  artifactKey: Guid(03b8d2bb6d674fb459756e75e69f5e60) Importer(815301076,1909f56bfc062723c751e8b465ee728b)
Start importing Assets/SPUM/ModernPack1/Prefabs/Modern022.prefab using Guid(03b8d2bb6d674fb459756e75e69f5e60) Importer(815301076,1909f56bfc062723c751e8b465ee728b)  -> (artifact id: '954810ce6b4f7c1ed80f1fb52db52288') in 0.090300 seconds 
========================================================================
Received Import Request.
  Time since last request: 0.000046 seconds.
  path: Assets/SPUM/ModernPack1/Prefabs/Modern010.prefab
  artifactKey: Guid(41e0af04095ffc248918d72028a7d185) Importer(815301076,1909f56bfc062723c751e8b465ee728b)
Start importing Assets/SPUM/ModernPack1/Prefabs/Modern010.prefab using Guid(41e0af04095ffc248918d72028a7d185) Importer(815301076,1909f56bfc062723c751e8b465ee728b)  -> (artifact id: 'c3aefaceba2d973b4294e0ed5ed7b8d5') in 0.111590 seconds 
========================================================================
Received Import Request.
  Time since last request: 0.000029 seconds.
  path: Assets/SPUM/ModernPack1/Prefabs/Modern020.prefab
  artifactKey: Guid(c8e632f756480b748a1866727194be3a) Importer(815301076,1909f56bfc062723c751e8b465ee728b)
Start importing Assets/SPUM/ModernPack1/Prefabs/Modern020.prefab using Guid(c8e632f756480b748a1866727194be3a) Importer(815301076,1909f56bfc062723c751e8b465ee728b)  -> (artifact id: '0ff5af4fefc2c423c939dc1c6e5dfee0') in 0.089944 seconds 
========================================================================
Received Import Request.
  Time since last request: 0.000067 seconds.
  path: Assets/SPUM/ModernPack1/Prefabs/Modern009.prefab
  artifactKey: Guid(2d96c6a8ad9ee2645b6b967ca0e9f237) Importer(815301076,1909f56bfc062723c751e8b465ee728b)
Start importing Assets/SPUM/ModernPack1/Prefabs/Modern009.prefab using Guid(2d96c6a8ad9ee2645b6b967ca0e9f237) Importer(815301076,1909f56bfc062723c751e8b465ee728b)  -> (artifact id: '7801e47375a6f67f207a7d0054b33e30') in 0.079745 seconds 
========================================================================
Received Import Request.
  Time since last request: 0.000042 seconds.
  path: Assets/SPUM/ModernPack1/Prefabs/Modern021.prefab
  artifactKey: Guid(906b9920b73b1fe46b318ccbfcd0febd) Importer(815301076,1909f56bfc062723c751e8b465ee728b)
Start importing Assets/SPUM/ModernPack1/Prefabs/Modern021.prefab using Guid(906b9920b73b1fe46b318ccbfcd0febd) Importer(815301076,1909f56bfc062723c751e8b465ee728b)  -> (artifact id: '52c313faf9718499d8fc4b5fd0cc263a') in 0.145363 seconds 
========================================================================
Received Import Request.
  Time since last request: 0.000026 seconds.
  path: Assets/SPUM/ModernPack1/Prefabs/Modern060.prefab
  artifactKey: Guid(f2b65b3c938be7d488a9d15dc0c28def) Importer(815301076,1909f56bfc062723c751e8b465ee728b)
Start importing Assets/SPUM/ModernPack1/Prefabs/Modern060.prefab using Guid(f2b65b3c938be7d488a9d15dc0c28def) Importer(815301076,1909f56bfc062723c751e8b465ee728b)  -> (artifact id: '41f5ab90f6eb3bd0e53d122740f1848d') in 0.088492 seconds 
========================================================================
Received Import Request.
  Time since last request: 0.000028 seconds.
  path: Assets/SPUM/ModernPack1/Prefabs/Modern075.prefab
  artifactKey: Guid(e7cc9308d04853446b8ff377cf0ab193) Importer(815301076,1909f56bfc062723c751e8b465ee728b)
Start importing Assets/SPUM/ModernPack1/Prefabs/Modern075.prefab using Guid(e7cc9308d04853446b8ff377cf0ab193) Importer(815301076,1909f56bfc062723c751e8b465ee728b)  -> (artifact id: '82364d5fa7a0ac5eda43e5f52b2d4666') in 0.113740 seconds 
========================================================================
Received Import Request.
  Time since last request: 0.000027 seconds.
  path: Assets/SPUM/ModernPack1/Prefabs/Modern041.prefab
  artifactKey: Guid(afd4f11ee77fa1644be99eb55b2262a6) Importer(815301076,1909f56bfc062723c751e8b465ee728b)
Start importing Assets/SPUM/ModernPack1/Prefabs/Modern041.prefab using Guid(afd4f11ee77fa1644be99eb55b2262a6) Importer(815301076,1909f56bfc062723c751e8b465ee728b)  -> (artifact id: '4a2dced12f2a906c5e48099c2f4186b9') in 0.079644 seconds 
========================================================================
Received Import Request.
  Time since last request: 0.000027 seconds.
  path: Assets/SPUM/ModernPack1/Prefabs/Modern032.prefab
  artifactKey: Guid(a8d6acd30872887419306d56f905a7d8) Importer(815301076,1909f56bfc062723c751e8b465ee728b)
Start importing Assets/SPUM/ModernPack1/Prefabs/Modern032.prefab using Guid(a8d6acd30872887419306d56f905a7d8) Importer(815301076,1909f56bfc062723c751e8b465ee728b)  -> (artifact id: '5fa8ebc2a8438682e808200be1815d8d') in 0.075982 seconds 
========================================================================
Received Import Request.
  Time since last request: 0.000036 seconds.
  path: Assets/SPUM/ModernPack1/Prefabs/Modern045.prefab
  artifactKey: Guid(9f3af2f60b29cfd4bbf0bb4e67f4342a) Importer(815301076,1909f56bfc062723c751e8b465ee728b)
Start importing Assets/SPUM/ModernPack1/Prefabs/Modern045.prefab using Guid(9f3af2f60b29cfd4bbf0bb4e67f4342a) Importer(815301076,1909f56bfc062723c751e8b465ee728b)  -> (artifact id: '441ffc1b5c9fc23205017375beb70ebf') in 0.093200 seconds 
========================================================================
Received Import Request.
  Time since last request: 0.000026 seconds.
  path: Assets/SPUM/ModernPack1/Prefabs/Modern051.prefab
  artifactKey: Guid(3b8c6a2062d3a4f4f84c7af4a94949e0) Importer(815301076,1909f56bfc062723c751e8b465ee728b)
Start importing Assets/SPUM/ModernPack1/Prefabs/Modern051.prefab using Guid(3b8c6a2062d3a4f4f84c7af4a94949e0) Importer(815301076,1909f56bfc062723c751e8b465ee728b)  -> (artifact id: '9a9bbfcb4a262d3802b81f100b1d9bb2') in 0.080357 seconds 
========================================================================
Received Import Request.
  Time since last request: 0.000029 seconds.
  path: Assets/SPUM/ModernPack1/Prefabs/Modern016.prefab
  artifactKey: Guid(f982ee98b97811e4896a836a7d7deca6) Importer(815301076,1909f56bfc062723c751e8b465ee728b)
Start importing Assets/SPUM/ModernPack1/Prefabs/Modern016.prefab using Guid(f982ee98b97811e4896a836a7d7deca6) Importer(815301076,1909f56bfc062723c751e8b465ee728b)  -> (artifact id: '33e63088764cada7a7acaba801f34a38') in 0.078531 seconds 
========================================================================
Received Import Request.
  Time since last request: 0.000030 seconds.
  path: Assets/SPUM/ModernPack1/Prefabs/Modern008.prefab
  artifactKey: Guid(08e4ce8bba02adb438d52b48b430ea4f) Importer(815301076,1909f56bfc062723c751e8b465ee728b)
Start importing Assets/SPUM/ModernPack1/Prefabs/Modern008.prefab using Guid(08e4ce8bba02adb438d52b48b430ea4f) Importer(815301076,1909f56bfc062723c751e8b465ee728b)  -> (artifact id: '6a03ebe5367bc88949a6825c64563840') in 0.082941 seconds 
========================================================================
Received Import Request.
  Time since last request: 0.000041 seconds.
  path: Assets/SPUM/ModernPack1/Prefabs/Modern038.prefab
  artifactKey: Guid(ad5b3a63ac943f740944f22a3514e284) Importer(815301076,1909f56bfc062723c751e8b465ee728b)
Start importing Assets/SPUM/ModernPack1/Prefabs/Modern038.prefab using Guid(ad5b3a63ac943f740944f22a3514e284) Importer(815301076,1909f56bfc062723c751e8b465ee728b)  -> (artifact id: '2bcb63bf8502bc09584a60a232cc8081') in 0.084523 seconds 
========================================================================
Received Import Request.
  Time since last request: 0.000034 seconds.
  path: Assets/SPUM/ModernPack1/Prefabs/Modern062.prefab
  artifactKey: Guid(2356ddff510ffe4468fd0502c05bdaef) Importer(815301076,1909f56bfc062723c751e8b465ee728b)
Start importing Assets/SPUM/ModernPack1/Prefabs/Modern062.prefab using Guid(2356ddff510ffe4468fd0502c05bdaef) Importer(815301076,1909f56bfc062723c751e8b465ee728b)  -> (artifact id: '0dee7ece82641acebce8f7313b8b5255') in 0.094713 seconds 
========================================================================
Received Import Request.
  Time since last request: 0.000029 seconds.
  path: Assets/SPUM/ModernPack1/Prefabs/Modern012.prefab
  artifactKey: Guid(96a7602f25930fd4ba3161f56a0fc14c) Importer(815301076,1909f56bfc062723c751e8b465ee728b)
Start importing Assets/SPUM/ModernPack1/Prefabs/Modern012.prefab using Guid(96a7602f25930fd4ba3161f56a0fc14c) Importer(815301076,1909f56bfc062723c751e8b465ee728b)  -> (artifact id: '12e058e7f45c8ec33a3bbfbf189d353c') in 0.106796 seconds 
========================================================================
Received Import Request.
  Time since last request: 0.000033 seconds.
  path: Assets/SPUM/ModernPack1/Prefabs/Modern071.prefab
  artifactKey: Guid(3f9aab39a41ae4541870a8095f61b61d) Importer(815301076,1909f56bfc062723c751e8b465ee728b)
Start importing Assets/SPUM/ModernPack1/Prefabs/Modern071.prefab using Guid(3f9aab39a41ae4541870a8095f61b61d) Importer(815301076,1909f56bfc062723c751e8b465ee728b)  -> (artifact id: 'e1ff48503b0cc65d4b689df1dc48ee6a') in 0.090790 seconds 
========================================================================
Received Import Request.
  Time since last request: 0.000035 seconds.
  path: Assets/SPUM/ModernPack1/Prefabs/Modern070.prefab
  artifactKey: Guid(6a836fba0e44a92479e81b6a06db46b6) Importer(815301076,1909f56bfc062723c751e8b465ee728b)
Start importing Assets/SPUM/ModernPack1/Prefabs/Modern070.prefab using Guid(6a836fba0e44a92479e81b6a06db46b6) Importer(815301076,1909f56bfc062723c751e8b465ee728b)  -> (artifact id: 'c9bbaffa37ebc92760bdca678132c940') in 0.133231 seconds 
========================================================================
Received Import Request.
  Time since last request: 0.000027 seconds.
  path: Assets/SPUM/ModernPack1/Prefabs/Modern044.prefab
  artifactKey: Guid(0e8a84ad9e82f904f9fe97defd9a2dd9) Importer(815301076,1909f56bfc062723c751e8b465ee728b)
Start importing Assets/SPUM/ModernPack1/Prefabs/Modern044.prefab using Guid(0e8a84ad9e82f904f9fe97defd9a2dd9) Importer(815301076,1909f56bfc062723c751e8b465ee728b)  -> (artifact id: 'f90fad67119c559fb7b72eaa621e653a') in 0.096518 seconds 
========================================================================
Received Import Request.
  Time since last request: 0.000031 seconds.
  path: Assets/SPUM/ModernPack1/Prefabs/Modern036.prefab
  artifactKey: Guid(879a4192a44cb184a99bc38375c26d84) Importer(815301076,1909f56bfc062723c751e8b465ee728b)
Start importing Assets/SPUM/ModernPack1/Prefabs/Modern036.prefab using Guid(879a4192a44cb184a99bc38375c26d84) Importer(815301076,1909f56bfc062723c751e8b465ee728b)  -> (artifact id: '4b691f1e10f93a06424bbd53e4e3d6ef') in 0.083252 seconds 
========================================================================
Received Import Request.
  Time since last request: 5.388032 seconds.
  path: Assets/SPUM/ModernPack1/Prefabs/Modern079.prefab
  artifactKey: Guid(df3cd07560eb5ac42800aeaf41e92b92) Importer(815301076,1909f56bfc062723c751e8b465ee728b)
Start importing Assets/SPUM/ModernPack1/Prefabs/Modern079.prefab using Guid(df3cd07560eb5ac42800aeaf41e92b92) Importer(815301076,1909f56bfc062723c751e8b465ee728b)  -> (artifact id: '7f1d8acb0a63f7d0e972372aa7a72e3e') in 0.103682 seconds 
========================================================================
Received Import Request.
  Time since last request: 0.000024 seconds.
  path: Assets/SPUM/ModernPack1/Prefabs/Modern083.prefab
  artifactKey: Guid(736d004b56d2c6c43a53c89e31b12b26) Importer(815301076,1909f56bfc062723c751e8b465ee728b)
Start importing Assets/SPUM/ModernPack1/Prefabs/Modern083.prefab using Guid(736d004b56d2c6c43a53c89e31b12b26) Importer(815301076,1909f56bfc062723c751e8b465ee728b)  -> (artifact id: '6e8f97d5e6fb763d62cce766618536c1') in 0.108984 seconds 
========================================================================
Received Import Request.
  Time since last request: 0.000055 seconds.
  path: Assets/SPUM/ModernPack1/Prefabs/Modern095.prefab
  artifactKey: Guid(835af16dee6235840ba21bb128daa682) Importer(815301076,1909f56bfc062723c751e8b465ee728b)
Start importing Assets/SPUM/ModernPack1/Prefabs/Modern095.prefab using Guid(835af16dee6235840ba21bb128daa682) Importer(815301076,1909f56bfc062723c751e8b465ee728b)  -> (artifact id: '1a91dceaacf70533cfaf83f18c5dd2d4') in 0.089423 seconds 
========================================================================
Received Import Request.
  Time since last request: 0.000051 seconds.
  path: Assets/SPUM/ModernPack1/Prefabs/Modern086.prefab
  artifactKey: Guid(3770b65b76d2bc64da299dd3438d3e22) Importer(815301076,1909f56bfc062723c751e8b465ee728b)
Start importing Assets/SPUM/ModernPack1/Prefabs/Modern086.prefab using Guid(3770b65b76d2bc64da299dd3438d3e22) Importer(815301076,1909f56bfc062723c751e8b465ee728b)  -> (artifact id: 'c9869ce76882a6470931f9de63f2dab4') in 0.080942 seconds 
========================================================================
Received Import Request.
  Time since last request: 0.000027 seconds.
  path: Assets/SPUM/ModernPack1/Prefabs/Modern080.prefab
  artifactKey: Guid(95e89646f08057449988693d36f991ab) Importer(815301076,1909f56bfc062723c751e8b465ee728b)
Start importing Assets/SPUM/ModernPack1/Prefabs/Modern080.prefab using Guid(95e89646f08057449988693d36f991ab) Importer(815301076,1909f56bfc062723c751e8b465ee728b)  -> (artifact id: 'cb1560b709bd374df4086632cb9fe228') in 0.082302 seconds 
========================================================================
Received Import Request.
  Time since last request: 0.000027 seconds.
  path: Assets/SPUM/ModernPack1/Prefabs/Modern087.prefab
  artifactKey: Guid(7457716ab235693479d7c049925d0e30) Importer(815301076,1909f56bfc062723c751e8b465ee728b)
Start importing Assets/SPUM/ModernPack1/Prefabs/Modern087.prefab using Guid(7457716ab235693479d7c049925d0e30) Importer(815301076,1909f56bfc062723c751e8b465ee728b)  -> (artifact id: '7b7d2a618f09969c4758fedaadb108db') in 0.082702 seconds 
========================================================================
Received Import Request.
  Time since last request: 0.000032 seconds.
  path: Assets/SPUM/ModernPack1/Prefabs/Modern092.prefab
  artifactKey: Guid(8cb60b0cbc5e0434d80b9b5b86a0e0b6) Importer(815301076,1909f56bfc062723c751e8b465ee728b)
Start importing Assets/SPUM/ModernPack1/Prefabs/Modern092.prefab using Guid(8cb60b0cbc5e0434d80b9b5b86a0e0b6) Importer(815301076,1909f56bfc062723c751e8b465ee728b)  -> (artifact id: 'a297922a33863b375bb86b14eb4063e8') in 0.083174 seconds 
========================================================================
Received Import Request.
  Time since last request: 0.000038 seconds.
  path: Assets/SPUM/ModernPack1/Prefabs/Modern096.prefab
  artifactKey: Guid(f822a46fc6d2306419c7bea9f42e5d6b) Importer(815301076,1909f56bfc062723c751e8b465ee728b)
Start importing Assets/SPUM/ModernPack1/Prefabs/Modern096.prefab using Guid(f822a46fc6d2306419c7bea9f42e5d6b) Importer(815301076,1909f56bfc062723c751e8b465ee728b)  -> (artifact id: '2b239a11281e486c0381a2b445f0a593') in 0.089705 seconds 
========================================================================
Received Import Request.
  Time since last request: 0.000024 seconds.
  path: Assets/SPUM/ModernPack1/Prefabs/Modern088.prefab
  artifactKey: Guid(915f3a76f044e364080252e789dd7496) Importer(815301076,1909f56bfc062723c751e8b465ee728b)
Start importing Assets/SPUM/ModernPack1/Prefabs/Modern088.prefab using Guid(915f3a76f044e364080252e789dd7496) Importer(815301076,1909f56bfc062723c751e8b465ee728b)  -> (artifact id: '77dda64a4e59a4734c2e827a4261a3a5') in 0.078447 seconds 
========================================================================
Received Import Request.
  Time since last request: 0.000025 seconds.
  path: Assets/SPUM/ModernPack1/Prefabs/Modern089.prefab
  artifactKey: Guid(5b262c24bd9820d4ab3ce59f7d42bb38) Importer(815301076,1909f56bfc062723c751e8b465ee728b)
Start importing Assets/SPUM/ModernPack1/Prefabs/Modern089.prefab using Guid(5b262c24bd9820d4ab3ce59f7d42bb38) Importer(815301076,1909f56bfc062723c751e8b465ee728b)  -> (artifact id: '459743d99d6fc8f400721ee982441291') in 0.067682 seconds 
========================================================================
Received Import Request.
  Time since last request: 0.039658 seconds.
  path: Assets/SPUM/ModernPack1/Prefabs/Modern098.prefab
  artifactKey: Guid(ba2727a786da12f41b0e272906b3afe5) Importer(815301076,1909f56bfc062723c751e8b465ee728b)
Start importing Assets/SPUM/ModernPack1/Prefabs/Modern098.prefab using Guid(ba2727a786da12f41b0e272906b3afe5) Importer(815301076,1909f56bfc062723c751e8b465ee728b)  -> (artifact id: '09490db1b2119c5f5bc244b8f047d06e') in 0.083032 seconds 
========================================================================
Received Import Request.
  Time since last request: 0.000027 seconds.
  path: Assets/SPUM/ModernPack1/Prefabs/Modern100.prefab
  artifactKey: Guid(93cc215cb7495c744bd6f594c8e01733) Importer(815301076,1909f56bfc062723c751e8b465ee728b)
Start importing Assets/SPUM/ModernPack1/Prefabs/Modern100.prefab using Guid(93cc215cb7495c744bd6f594c8e01733) Importer(815301076,1909f56bfc062723c751e8b465ee728b)  -> (artifact id: '7b7a979dce8503d5747c761d28a754bb') in 0.093385 seconds 
========================================================================
Received Prepare
Registering precompiled user dll's ...
Registered in 0.020477 seconds.
Begin MonoManager ReloadAssembly
Symbol file LoadedFromMemory doesn't match image F:\25aiwork\25AITown\Library\PackageCache\com.unity.visualscripting@1.8.0\Editor\VisualScripting.Core\Dependencies\YamlDotNet\Unity.VisualScripting.YamlDotNet.dll
Symbol file LoadedFromMemory doesn't match image F:\25aiwork\25AITown\Library\PackageCache\com.unity.visualscripting@1.8.0\Editor\VisualScripting.Core\Dependencies\DotNetZip\Unity.VisualScripting.IonicZip.dll
Native extension for WindowsStandalone target not found
Native extension for iOS target not found
Native extension for Android target not found
Native extension for OSXStandalone target not found
Refreshing native plugins compatible for Editor in 4.27 ms, found 4 plugins.
Preloading 0 native plugins for Editor in 0.00 ms.
Mono: successfully reloaded assembly
- Completed reload, in  1.500 seconds
Domain Reload Profiling:
	ReloadAssembly (1501ms)
		BeginReloadAssembly (204ms)
			ExecutionOrderSort (0ms)
			DisableScriptedObjects (6ms)
			BackupInstance (0ms)
			ReleaseScriptingObjects (0ms)
			CreateAndSetChildDomain (46ms)
		EndReloadAssembly (1161ms)
			LoadAssemblies (161ms)
			RebuildTransferFunctionScriptingTraits (0ms)
			SetupTypeCache (240ms)
			ReleaseScriptCaches (2ms)
			RebuildScriptCaches (52ms)
			SetupLoadedEditorAssemblies (621ms)
				LogAssemblyErrors (0ms)
				InitializePlatformSupportModulesInManaged (38ms)
				SetLoadedEditorAssemblies (0ms)
				RefreshPlugins (4ms)
				BeforeProcessingInitializeOnLoad (122ms)
				ProcessInitializeOnLoadAttributes (381ms)
				ProcessInitializeOnLoadMethodAttributes (45ms)
				AfterProcessingInitializeOnLoad (29ms)
				EditorAssembliesLoaded (0ms)
			ExecutionOrderSort2 (0ms)
			AwakeInstancesAfterBackupRestoration (37ms)
Platform modules already initialized, skipping
Refreshing native plugins compatible for Editor in 6.86 ms, found 4 plugins.
Preloading 0 native plugins for Editor in 0.00 ms.
Unloading 4742 Unused Serialized files (Serialized files now loaded: 0)
Unloading 32 unused Assets / (97.0 KB). Loaded Objects now: 5273.
Memory consumption went from 196.1 MB to 196.0 MB.
Total: 3.880400 ms (FindLiveObjects: 0.411800 ms CreateObjectMapping: 0.267100 ms MarkObjects: 3.143200 ms  DeleteObjects: 0.056500 ms)

AssetImportParameters requested are different than current active one (requested -> active):
  custom:video-decoder-ogg-theora: a1e56fd34408186e4bbccfd4996cb3dc -> 
  custom:container-muxer-webm: aa71ff27fc2769a1b78a27578f13a17b -> 
  custom:container-demuxer-webm: 4f35f7cbe854078d1ac9338744f61a02 -> 
  custom:video-encoder-webm-vp8: eb34c28f22e8b96e1ab97ce403110664 -> 
  custom:audio-encoder-webm-vorbis: bf7c407c2cedff20999df2af8eb42d56 -> 
  custom:framework-win-MediaFoundation: 216162199b28c13a410421893ffa2e32 -> 
  custom:container-demuxer-ogg: 62fdf1f143b41e24485cea50d1cbac27 -> 
  custom:video-decoder-webm-vp8: 9c59270c3fd7afecdb556c50c9e8de78 -> 
  custom:audio-decoder-ogg-vorbis: bf7c407c2cedff20999df2af8eb42d56 -> 
